\BOOKMARK [0][-]{chapter.1}{\376\377\0001\000\040\000N\000a\000m\000e\000s\000p\000a\000c\000e\000\040\000I\000n\000d\000e\000x}{}% 1
\BOOKMARK [1][-]{section.1.1}{\376\377\0001\000.\0001\000\040\000P\000a\000c\000k\000a\000g\000e\000\040\000L\000i\000s\000t}{chapter.1}% 2
\BOOKMARK [0][-]{chapter.2}{\376\377\0002\000\040\000C\000l\000a\000s\000s\000\040\000I\000n\000d\000e\000x}{}% 3
\BOOKMARK [1][-]{section.2.1}{\376\377\0002\000.\0001\000\040\000C\000l\000a\000s\000s\000\040\000L\000i\000s\000t}{chapter.2}% 4
\BOOKMARK [0][-]{chapter.3}{\376\377\0003\000\040\000F\000i\000l\000e\000\040\000I\000n\000d\000e\000x}{}% 5
\BOOKMARK [1][-]{section.3.1}{\376\377\0003\000.\0001\000\040\000F\000i\000l\000e\000\040\000L\000i\000s\000t}{chapter.3}% 6
\BOOKMARK [0][-]{chapter.4}{\376\377\0004\000\040\000N\000a\000m\000e\000s\000p\000a\000c\000e\000\040\000D\000o\000c\000u\000m\000e\000n\000t\000a\000t\000i\000o\000n}{}% 7
\BOOKMARK [1][-]{section.4.1}{\376\377\0004\000.\0001\000\040\000P\000a\000c\000k\000a\000g\000e\000\040\000c\000e\0001\0000\0003\000\137\000h\000w\0004\000\137\000l\000i\000b\000r\000a\000r\000y\000\137\000a\000p\000p}{chapter.4}% 8
\BOOKMARK [1][-]{section.4.2}{\376\377\0004\000.\0002\000\040\000P\000a\000c\000k\000a\000g\000e\000\040\000c\000e\0001\0000\0003\000\137\000h\000w\0004\000\137\000l\000i\000b\000r\000a\000r\000y\000\137\000c\000m\000d}{chapter.4}% 9
\BOOKMARK [1][-]{section.4.3}{\376\377\0004\000.\0003\000\040\000P\000a\000c\000k\000a\000g\000e\000\040\000c\000e\0001\0000\0003\000\137\000h\000w\0004\000\137\000l\000i\000b\000r\000a\000r\000y\000\137\000l\000i\000b}{chapter.4}% 10
\BOOKMARK [0][-]{chapter.5}{\376\377\0005\000\040\000C\000l\000a\000s\000s\000\040\000D\000o\000c\000u\000m\000e\000n\000t\000a\000t\000i\000o\000n}{}% 11
\BOOKMARK [1][-]{section.5.1}{\376\377\0005\000.\0001\000\040\000c\000e\0001\0000\0003\000\137\000h\000w\0004\000\137\000l\000i\000b\000r\000a\000r\000y\000\137\000a\000p\000p\000.\000A\000p\000p\000\040\000C\000l\000a\000s\000s\000\040\000R\000e\000f\000e\000r\000e\000n\000c\000e}{chapter.5}% 12
\BOOKMARK [2][-]{subsection.5.1.1}{\376\377\0005\000.\0001\000.\0001\000\040\000M\000e\000m\000b\000e\000r\000\040\000F\000u\000n\000c\000t\000i\000o\000n\000\040\000D\000o\000c\000u\000m\000e\000n\000t\000a\000t\000i\000o\000n}{section.5.1}% 13
\BOOKMARK [3][-]{subsubsection.5.1.1.1}{\376\377\0005\000.\0001\000.\0001\000.\0001\000\040\000m\000a\000i\000n\000\050\000\051}{subsection.5.1.1}% 14
\BOOKMARK [2][-]{subsection.5.1.2}{\376\377\0005\000.\0001\000.\0002\000\040\000M\000e\000m\000b\000e\000r\000\040\000D\000a\000t\000a\000\040\000D\000o\000c\000u\000m\000e\000n\000t\000a\000t\000i\000o\000n}{section.5.1}% 15
\BOOKMARK [3][-]{subsubsection.5.1.2.1}{\376\377\0005\000.\0001\000.\0002\000.\0001\000\040\000C\000a\000b\000n\000i\000t}{subsection.5.1.2}% 16
\BOOKMARK [3][-]{subsubsection.5.1.2.2}{\376\377\0005\000.\0001\000.\0002\000.\0002\000\040\000C\000a\000b\000n\000i\000t\000\137\000C}{subsection.5.1.2}% 17
\BOOKMARK [3][-]{subsubsection.5.1.2.3}{\376\377\0005\000.\0001\000.\0002\000.\0003\000\040\000C\000i\000t\000y}{subsection.5.1.2}% 18
\BOOKMARK [3][-]{subsubsection.5.1.2.4}{\376\377\0005\000.\0001\000.\0002\000.\0004\000\040\000C\000o\000m\000p\000a\000n\000y}{subsection.5.1.2}% 19
\BOOKMARK [3][-]{subsubsection.5.1.2.5}{\376\377\0005\000.\0001\000.\0002\000.\0005\000\040\000C\000o\000n\000t\000a\000c\000t\000\137\000N\000o}{subsection.5.1.2}% 20
\BOOKMARK [3][-]{subsubsection.5.1.2.6}{\376\377\0005\000.\0001\000.\0002\000.\0006\000\040\000C\000o\000n\000t\000a\000c\000t\000\137\000N\000o\000\137\000C}{subsection.5.1.2}% 21
\BOOKMARK [3][-]{subsubsection.5.1.2.7}{\376\377\0005\000.\0001\000.\0002\000.\0007\000\040\000E\000m\000a\000i\000l\000\137\000I\000D}{subsection.5.1.2}% 22
\BOOKMARK [3][-]{subsubsection.5.1.2.8}{\376\377\0005\000.\0001\000.\0002\000.\0008\000\040\000E\000x\000p\000\137\000D\000a\000t\000e}{subsection.5.1.2}% 23
\BOOKMARK [3][-]{subsubsection.5.1.2.9}{\376\377\0005\000.\0001\000.\0002\000.\0009\000\040\000I\000D}{subsection.5.1.2}% 24
\BOOKMARK [3][-]{subsubsection.5.1.2.10}{\376\377\0005\000.\0001\000.\0002\000.\0001\0000\000\040\000I\000D\000\137\000C\000o\000n\000t\000r\000o\000l}{subsection.5.1.2}% 25
\BOOKMARK [3][-]{subsubsection.5.1.2.11}{\376\377\0005\000.\0001\000.\0002\000.\0001\0001\000\040\000M\000e\000d\000i\000c\000i\000n\000e}{subsection.5.1.2}% 26
\BOOKMARK [3][-]{subsubsection.5.1.2.12}{\376\377\0005\000.\0001\000.\0002\000.\0001\0002\000\040\000M\000g\000f\000\137\000D\000a\000t\000e}{subsection.5.1.2}% 27
\BOOKMARK [3][-]{subsubsection.5.1.2.13}{\376\377\0005\000.\0001\000.\0002\000.\0001\0003\000\040\000N\000a\000m\000e}{subsection.5.1.2}% 28
\BOOKMARK [3][-]{subsubsection.5.1.2.14}{\376\377\0005\000.\0001\000.\0002\000.\0001\0004\000\040\000Q\000u\000a\000n\000t\000i\000t\000y}{subsection.5.1.2}% 29
\BOOKMARK [3][-]{subsubsection.5.1.2.15}{\376\377\0005\000.\0001\000.\0002\000.\0001\0005\000\040\000Q\000u\000a\000n\000t\000i\000t\000y\000\137\000C}{subsection.5.1.2}% 30
\BOOKMARK [3][-]{subsubsection.5.1.2.16}{\376\377\0005\000.\0001\000.\0002\000.\0001\0006\000\040\000R\000a\000c\000k}{subsection.5.1.2}% 31
\BOOKMARK [3][-]{subsubsection.5.1.2.17}{\376\377\0005\000.\0001\000.\0002\000.\0001\0007\000\040\000R\000a\000c\000k\000\137\000C}{subsection.5.1.2}% 32
\BOOKMARK [3][-]{subsubsection.5.1.2.18}{\376\377\0005\000.\0001\000.\0002\000.\0001\0008\000\040\000S\000a\000l\000e\000\137\000C\000o\000s\000t}{subsection.5.1.2}% 33
\BOOKMARK [3][-]{subsubsection.5.1.2.19}{\376\377\0005\000.\0001\000.\0002\000.\0001\0009\000\040\000S\000a\000l\000e\000\137\000C\000o\000s\000t\000\137\000C}{subsection.5.1.2}% 34
\BOOKMARK [3][-]{subsubsection.5.1.2.20}{\376\377\0005\000.\0001\000.\0002\000.\0002\0000\000\040\000U\000n\000i\000t\000\137\000C\000o\000s\000t}{subsection.5.1.2}% 35
\BOOKMARK [3][-]{subsubsection.5.1.2.21}{\376\377\0005\000.\0001\000.\0002\000.\0002\0001\000\040\000U\000n\000i\000t\000\137\000C\000o\000s\000t\000\137\000C}{subsection.5.1.2}% 36
\BOOKMARK [1][-]{section.5.2}{\376\377\0005\000.\0002\000\040\000c\000e\0001\0000\0003\000\137\000h\000w\0004\000\137\000l\000i\000b\000r\000a\000r\000y\000\137\000l\000i\000b\000.\000C\000u\000s\000t\000o\000m\000e\000r\000F\000e\000a\000t\000u\000r\000e\000\040\000C\000l\000a\000s\000s\000\040\000R\000e\000f\000e\000r\000e\000n\000c\000e}{chapter.5}% 37
\BOOKMARK [2][-]{subsection.5.2.1}{\376\377\0005\000.\0002\000.\0001\000\040\000M\000e\000m\000b\000e\000r\000\040\000F\000u\000n\000c\000t\000i\000o\000n\000\040\000D\000o\000c\000u\000m\000e\000n\000t\000a\000t\000i\000o\000n}{section.5.2}% 38
\BOOKMARK [3][-]{subsubsection.5.2.1.1}{\376\377\0005\000.\0002\000.\0001\000.\0001\000\040\000B\000y\000t\000e\000A\000r\000r\000a\000y\000B\000l\000o\000c\000k\000T\000o\000C\000u\000s\000t\000o\000m\000e\000r\000\050\000\051}{subsection.5.2.1}% 39
\BOOKMARK [3][-]{subsubsection.5.2.1.2}{\376\377\0005\000.\0002\000.\0001\000.\0002\000\040\000B\000y\000t\000e\000A\000r\000r\000a\000y\000B\000l\000o\000c\000k\000T\000o\000C\000u\000s\000t\000o\000m\000e\000r\000C\000o\000u\000n\000t\000e\000r\000\050\000\051}{subsection.5.2.1}% 40
\BOOKMARK [3][-]{subsubsection.5.2.1.3}{\376\377\0005\000.\0002\000.\0001\000.\0003\000\040\000C\000u\000s\000t\000o\000m\000e\000r\000T\000o\000B\000y\000t\000e\000A\000r\000r\000a\000y\000B\000l\000o\000c\000k\000\050\000\051}{subsection.5.2.1}% 41
\BOOKMARK [3][-]{subsubsection.5.2.1.4}{\376\377\0005\000.\0002\000.\0001\000.\0004\000\040\000g\000e\000t\000c\000i\000t\000y\000\050\000\051}{subsection.5.2.1}% 42
\BOOKMARK [3][-]{subsubsection.5.2.1.5}{\376\377\0005\000.\0002\000.\0001\000.\0005\000\040\000g\000e\000t\000c\000o\000n\000t\000a\000c\000t\000\137\000n\000o\000\050\000\051}{subsection.5.2.1}% 43
\BOOKMARK [3][-]{subsubsection.5.2.1.6}{\376\377\0005\000.\0002\000.\0001\000.\0006\000\040\000g\000e\000t\000D\000a\000t\000e\000\050\000\051}{subsection.5.2.1}% 44
\BOOKMARK [3][-]{subsubsection.5.2.1.7}{\376\377\0005\000.\0002\000.\0001\000.\0007\000\040\000g\000e\000t\000e\000m\000a\000i\000l\000\050\000\051}{subsection.5.2.1}% 45
\BOOKMARK [3][-]{subsubsection.5.2.1.8}{\376\377\0005\000.\0002\000.\0001\000.\0008\000\040\000g\000e\000t\000I\000d\000\050\000\051}{subsection.5.2.1}% 46
\BOOKMARK [3][-]{subsubsection.5.2.1.9}{\376\377\0005\000.\0002\000.\0001\000.\0009\000\040\000g\000e\000t\000N\000a\000m\000e\000\050\000\051}{subsection.5.2.1}% 47
\BOOKMARK [3][-]{subsubsection.5.2.1.10}{\376\377\0005\000.\0002\000.\0001\000.\0001\0000\000\040\000g\000e\000t\000n\000a\000m\000e\000\137\000s\000\050\000\051}{subsection.5.2.1}% 48
\BOOKMARK [3][-]{subsubsection.5.2.1.11}{\376\377\0005\000.\0002\000.\0001\000.\0001\0001\000\040\000g\000e\000t\000R\000e\000t\000u\000r\000n\000D\000a\000t\000e\000\050\000\051}{subsection.5.2.1}% 49
\BOOKMARK [3][-]{subsubsection.5.2.1.12}{\376\377\0005\000.\0002\000.\0001\000.\0001\0002\000\040\000s\000e\000t\000c\000i\000t\000y\000\050\000\051}{subsection.5.2.1}% 50
\BOOKMARK [3][-]{subsubsection.5.2.1.13}{\376\377\0005\000.\0002\000.\0001\000.\0001\0003\000\040\000s\000e\000t\000c\000o\000n\000t\000a\000c\000t\000\137\000n\000o\000\050\000\051}{subsection.5.2.1}% 51
\BOOKMARK [3][-]{subsubsection.5.2.1.14}{\376\377\0005\000.\0002\000.\0001\000.\0001\0004\000\040\000s\000e\000t\000D\000a\000t\000e\000\050\000\051}{subsection.5.2.1}% 52
\BOOKMARK [3][-]{subsubsection.5.2.1.15}{\376\377\0005\000.\0002\000.\0001\000.\0001\0005\000\040\000s\000e\000t\000e\000m\000a\000i\000l\000\050\000\051}{subsection.5.2.1}% 53
\BOOKMARK [3][-]{subsubsection.5.2.1.16}{\376\377\0005\000.\0002\000.\0001\000.\0001\0006\000\040\000s\000e\000t\000I\000d\000\050\000\051}{subsection.5.2.1}% 54
\BOOKMARK [3][-]{subsubsection.5.2.1.17}{\376\377\0005\000.\0002\000.\0001\000.\0001\0007\000\040\000s\000e\000t\000N\000a\000m\000e\000\050\000\051}{subsection.5.2.1}% 55
\BOOKMARK [3][-]{subsubsection.5.2.1.18}{\376\377\0005\000.\0002\000.\0001\000.\0001\0008\000\040\000s\000e\000t\000n\000a\000m\000e\000\137\000s\000\050\000\051}{subsection.5.2.1}% 56
\BOOKMARK [3][-]{subsubsection.5.2.1.19}{\376\377\0005\000.\0002\000.\0001\000.\0001\0009\000\040\000s\000e\000t\000R\000e\000t\000u\000r\000n\000D\000a\000t\000e\000\050\000\051}{subsection.5.2.1}% 57
\BOOKMARK [2][-]{subsection.5.2.2}{\376\377\0005\000.\0002\000.\0002\000\040\000M\000e\000m\000b\000e\000r\000\040\000D\000a\000t\000a\000\040\000D\000o\000c\000u\000m\000e\000n\000t\000a\000t\000i\000o\000n}{section.5.2}% 58
\BOOKMARK [3][-]{subsubsection.5.2.2.1}{\376\377\0005\000.\0002\000.\0002\000.\0001\000\040\000\137\000c\000i\000t\000y}{subsection.5.2.2}% 59
\BOOKMARK [3][-]{subsubsection.5.2.2.2}{\376\377\0005\000.\0002\000.\0002\000.\0002\000\040\000\137\000c\000o\000n\000t\000a\000c\000t\000\137\000n\000o}{subsection.5.2.2}% 60
\BOOKMARK [3][-]{subsubsection.5.2.2.3}{\376\377\0005\000.\0002\000.\0002\000.\0003\000\040\000\137\000d\000a\000t\000e}{subsection.5.2.2}% 61
\BOOKMARK [3][-]{subsubsection.5.2.2.4}{\376\377\0005\000.\0002\000.\0002\000.\0004\000\040\000\137\000e\000m\000a\000i\000l}{subsection.5.2.2}% 62
\BOOKMARK [3][-]{subsubsection.5.2.2.5}{\376\377\0005\000.\0002\000.\0002\000.\0005\000\040\000\137\000i\000d}{subsection.5.2.2}% 63
\BOOKMARK [3][-]{subsubsection.5.2.2.6}{\376\377\0005\000.\0002\000.\0002\000.\0006\000\040\000\137\000n\000a\000m\000e}{subsection.5.2.2}% 64
\BOOKMARK [3][-]{subsubsection.5.2.2.7}{\376\377\0005\000.\0002\000.\0002\000.\0007\000\040\000\137\000n\000a\000m\000e\000\137\000s}{subsection.5.2.2}% 65
\BOOKMARK [3][-]{subsubsection.5.2.2.8}{\376\377\0005\000.\0002\000.\0002\000.\0008\000\040\000\137\000r\000e\000t\000u\000r\000n\000\137\000d\000a\000t\000e}{subsection.5.2.2}% 66
\BOOKMARK [3][-]{subsubsection.5.2.2.9}{\376\377\0005\000.\0002\000.\0002\000.\0009\000\040\000c\000i\000t\000y\000\137\000M\000A\000X\000\137\000L\000E\000N\000G\000T\000H}{subsection.5.2.2}% 67
\BOOKMARK [3][-]{subsubsection.5.2.2.10}{\376\377\0005\000.\0002\000.\0002\000.\0001\0000\000\040\000c\000o\000n\000t\000a\000c\000t\000\137\000n\000o\000\137\000N\000A\000M\000E\000\137\000M\000A\000X\000\137\000L\000E\000N\000G\000T\000H}{subsection.5.2.2}% 68
\BOOKMARK [3][-]{subsubsection.5.2.2.11}{\376\377\0005\000.\0002\000.\0002\000.\0001\0001\000\040\000C\000u\000s\000t\000o\000m\000e\000r\000\137\000D\000A\000T\000A\000\137\000B\000L\000O\000C\000K\000\137\000S\000I\000Z\000E}{subsection.5.2.2}% 69
\BOOKMARK [3][-]{subsubsection.5.2.2.12}{\376\377\0005\000.\0002\000.\0002\000.\0001\0002\000\040\000e\000m\000a\000i\000l\000\137\000N\000A\000M\000E\000\137\000M\000A\000X\000\137\000L\000E\000N\000G\000T\000H}{subsection.5.2.2}% 70
\BOOKMARK [3][-]{subsubsection.5.2.2.13}{\376\377\0005\000.\0002\000.\0002\000.\0001\0003\000\040\000I\000D\000\137\000L\000E\000N\000G\000T\000H}{subsection.5.2.2}% 71
\BOOKMARK [3][-]{subsubsection.5.2.2.14}{\376\377\0005\000.\0002\000.\0002\000.\0001\0004\000\040\000n\000a\000m\000e\000\137\000s\000\137\000M\000A\000X\000\137\000L\000E\000N\000G\000T\000H}{subsection.5.2.2}% 72
\BOOKMARK [1][-]{section.5.3}{\376\377\0005\000.\0003\000\040\000c\000e\0001\0000\0003\000\137\000h\000w\0004\000\137\000l\000i\000b\000r\000a\000r\000y\000\137\000l\000i\000b\000.\000D\000a\000t\000a\000O\000p\000e\000r\000a\000t\000i\000o\000n\000s\000\040\000C\000l\000a\000s\000s\000\040\000R\000e\000f\000e\000r\000e\000n\000c\000e}{chapter.5}% 73
\BOOKMARK [2][-]{subsection.5.3.1}{\376\377\0005\000.\0003\000.\0001\000\040\000M\000e\000m\000b\000e\000r\000\040\000F\000u\000n\000c\000t\000i\000o\000n\000\040\000D\000o\000c\000u\000m\000e\000n\000t\000a\000t\000i\000o\000n}{section.5.3}% 74
\BOOKMARK [3][-]{subsubsection.5.3.1.1}{\376\377\0005\000.\0003\000.\0001\000.\0001\000\040\000b\000y\000t\000e\000A\000r\000r\000a\000y\000T\000o\000I\000n\000t\000e\000g\000e\000r\000\050\000\051}{subsection.5.3.1}% 75
\BOOKMARK [3][-]{subsubsection.5.3.1.2}{\376\377\0005\000.\0003\000.\0001\000.\0002\000\040\000b\000y\000t\000e\000A\000r\000r\000a\000y\000T\000o\000S\000t\000r\000i\000n\000g\000\050\000\051}{subsection.5.3.1}% 76
\BOOKMARK [3][-]{subsubsection.5.3.1.3}{\376\377\0005\000.\0003\000.\0001\000.\0003\000\040\000G\000e\000t\000I\000n\000t\000\050\000\051}{subsection.5.3.1}% 77
\BOOKMARK [3][-]{subsubsection.5.3.1.4}{\376\377\0005\000.\0003\000.\0001\000.\0004\000\040\000i\000n\000t\000e\000g\000e\000r\000T\000o\000B\000y\000t\000e\000A\000r\000r\000a\000y\000\050\000\051}{subsection.5.3.1}% 78
\BOOKMARK [3][-]{subsubsection.5.3.1.5}{\376\377\0005\000.\0003\000.\0001\000.\0005\000\040\000I\000s\000H\000e\000x\000\050\000\051}{subsection.5.3.1}% 79
\BOOKMARK [3][-]{subsubsection.5.3.1.6}{\376\377\0005\000.\0003\000.\0001\000.\0006\000\040\000S\000t\000r\000i\000n\000g\000T\000o\000B\000y\000t\000e\000A\000r\000r\000a\000y\000\050\000\051}{subsection.5.3.1}% 80
\BOOKMARK [3][-]{subsubsection.5.3.1.7}{\376\377\0005\000.\0003\000.\0001\000.\0007\000\040\000T\000o\000A\000s\000c\000i\000i\000\050\000\051}{subsection.5.3.1}% 81
\BOOKMARK [3][-]{subsubsection.5.3.1.8}{\376\377\0005\000.\0003\000.\0001\000.\0008\000\040\000T\000o\000B\000y\000t\000e\000\050\000\051}{subsection.5.3.1}% 82
\BOOKMARK [3][-]{subsubsection.5.3.1.9}{\376\377\0005\000.\0003\000.\0001\000.\0009\000\040\000T\000o\000H\000e\000x\000\050\000\051}{subsection.5.3.1}% 83
\BOOKMARK [1][-]{section.5.4}{\376\377\0005\000.\0004\000\040\000c\000e\0001\0000\0003\000\137\000h\000w\0004\000\137\000l\000i\000b\000r\000a\000r\000y\000\137\000l\000i\000b\000.\000F\000i\000l\000e\000O\000p\000e\000r\000a\000t\000i\000o\000n\000s\000\040\000C\000l\000a\000s\000s\000\040\000R\000e\000f\000e\000r\000e\000n\000c\000e}{chapter.5}% 84
\BOOKMARK [2][-]{subsection.5.4.1}{\376\377\0005\000.\0004\000.\0001\000\040\000M\000e\000m\000b\000e\000r\000\040\000F\000u\000n\000c\000t\000i\000o\000n\000\040\000D\000o\000c\000u\000m\000e\000n\000t\000a\000t\000i\000o\000n}{section.5.4}% 85
\BOOKMARK [3][-]{subsubsection.5.4.1.1}{\376\377\0005\000.\0004\000.\0001\000.\0001\000\040\000a\000p\000p\000e\000n\000d\000B\000l\000o\000c\000k\000\050\000\051}{subsection.5.4.1}% 86
\BOOKMARK [3][-]{subsubsection.5.4.1.2}{\376\377\0005\000.\0004\000.\0001\000.\0002\000\040\000a\000p\000p\000e\000n\000d\000B\000l\000o\000c\000k\0002\000\050\000\051}{subsection.5.4.1}% 87
\BOOKMARK [3][-]{subsubsection.5.4.1.3}{\376\377\0005\000.\0004\000.\0001\000.\0003\000\040\000a\000p\000p\000e\000n\000d\000B\000l\000o\000c\000k\000C\000o\000u\000n\000t\000e\000r\000\050\000\051}{subsection.5.4.1}% 88
\BOOKMARK [3][-]{subsubsection.5.4.1.4}{\376\377\0005\000.\0004\000.\0001\000.\0004\000\040\000d\000e\000l\000e\000t\000e\000B\000l\000o\000c\000k\000\050\000\051}{subsection.5.4.1}% 89
\BOOKMARK [3][-]{subsubsection.5.4.1.5}{\376\377\0005\000.\0004\000.\0001\000.\0005\000\040\000d\000e\000l\000e\000t\000e\000B\000l\000o\000c\000k\0002\000\050\000\051}{subsection.5.4.1}% 90
\BOOKMARK [3][-]{subsubsection.5.4.1.6}{\376\377\0005\000.\0004\000.\0001\000.\0006\000\040\000r\000e\000a\000d\000B\000l\000o\000c\000k\000\050\000\051}{subsection.5.4.1}% 91
\BOOKMARK [3][-]{subsubsection.5.4.1.7}{\376\377\0005\000.\0004\000.\0001\000.\0007\000\040\000u\000p\000d\000a\000t\000e\000B\000l\000o\000c\000k\000\050\000\051}{subsection.5.4.1}% 92
\BOOKMARK [1][-]{section.5.5}{\376\377\0005\000.\0005\000\040\000c\000e\0001\0000\0003\000\137\000h\000w\0004\000\137\000l\000i\000b\000r\000a\000r\000y\000\137\000l\000i\000b\000.\000M\000a\000i\000n\000F\000u\000n\000c\000t\000i\000o\000n\000s\000\040\000C\000l\000a\000s\000s\000\040\000R\000e\000f\000e\000r\000e\000n\000c\000e}{chapter.5}% 93
\BOOKMARK [2][-]{subsection.5.5.1}{\376\377\0005\000.\0005\000.\0001\000\040\000M\000e\000m\000b\000e\000r\000\040\000F\000u\000n\000c\000t\000i\000o\000n\000\040\000D\000o\000c\000u\000m\000e\000n\000t\000a\000t\000i\000o\000n}{section.5.5}% 94
\BOOKMARK [3][-]{subsubsection.5.5.1.1}{\376\377\0005\000.\0005\000.\0001\000.\0001\000\040\000A\000d\000d\000S\000a\000l\000e\000M\000e\000d\000i\000c\000i\000n\000e\000\050\000\051}{subsection.5.5.1}% 95
\BOOKMARK [3][-]{subsubsection.5.5.1.2}{\376\377\0005\000.\0005\000.\0001\000.\0002\000\040\000A\000d\000d\000S\000a\000l\000e\000M\000e\000d\000i\000c\000i\000n\000e\0002\000\050\000\051}{subsection.5.5.1}% 96
\BOOKMARK [3][-]{subsubsection.5.5.1.3}{\376\377\0005\000.\0005\000.\0001\000.\0003\000\040\000A\000d\000d\000S\000u\000p\000p\000l\000i\000e\000r\000\050\000\051}{subsection.5.5.1}% 97
\BOOKMARK [3][-]{subsubsection.5.5.1.4}{\376\377\0005\000.\0005\000.\0001\000.\0004\000\040\000C\000o\000n\000t\000r\000o\000l\000F\000i\000l\000e\000\050\000\051}{subsection.5.5.1}% 98
\BOOKMARK [3][-]{subsubsection.5.5.1.5}{\376\377\0005\000.\0005\000.\0001\000.\0005\000\040\000c\000o\000n\000t\000r\000o\000l\000F\000i\000l\000e\000\050\000\051}{subsection.5.5.1}% 99
\BOOKMARK [3][-]{subsubsection.5.5.1.6}{\376\377\0005\000.\0005\000.\0001\000.\0006\000\040\000D\000e\000c\000r\000e\000a\000s\000e\000B\000o\000o\000k\000\050\000\051}{subsection.5.5.1}% 100
\BOOKMARK [3][-]{subsubsection.5.5.1.7}{\376\377\0005\000.\0005\000.\0001\000.\0007\000\040\000D\000e\000c\000r\000e\000a\000s\000e\000B\000o\000o\000k\0002\000\050\000\051}{subsection.5.5.1}% 101
\BOOKMARK [1][-]{section.5.6}{\376\377\0005\000.\0006\000\040\000c\000e\0001\0000\0003\000\137\000h\000w\0004\000\137\000l\000i\000b\000r\000a\000r\000y\000\137\000l\000i\000b\000.\000M\000e\000d\000i\000c\000i\000n\000e\000F\000e\000a\000t\000u\000r\000e\000\040\000C\000l\000a\000s\000s\000\040\000R\000e\000f\000e\000r\000e\000n\000c\000e}{chapter.5}% 102
\BOOKMARK [2][-]{subsection.5.6.1}{\376\377\0005\000.\0006\000.\0001\000\040\000M\000e\000m\000b\000e\000r\000\040\000F\000u\000n\000c\000t\000i\000o\000n\000\040\000D\000o\000c\000u\000m\000e\000n\000t\000a\000t\000i\000o\000n}{section.5.6}% 103
\BOOKMARK [3][-]{subsubsection.5.6.1.1}{\376\377\0005\000.\0006\000.\0001\000.\0001\000\040\000B\000y\000t\000e\000A\000r\000r\000a\000y\000B\000l\000o\000c\000k\000T\000o\000M\000e\000d\000i\000c\000i\000n\000e\000\050\000\051}{subsection.5.6.1}% 104
\BOOKMARK [3][-]{subsubsection.5.6.1.2}{\376\377\0005\000.\0006\000.\0001\000.\0002\000\040\000B\000y\000t\000e\000A\000r\000r\000a\000y\000B\000l\000o\000c\000k\000T\000o\000M\000e\000d\000i\000c\000i\000n\000e\000C\000o\000u\000n\000t\000e\000r\000\050\000\051}{subsection.5.6.1}% 105
\BOOKMARK [3][-]{subsubsection.5.6.1.3}{\376\377\0005\000.\0006\000.\0001\000.\0003\000\040\000g\000e\000t\000C\000a\000b\000n\000i\000t\000\050\000\051}{subsection.5.6.1}% 106
\BOOKMARK [3][-]{subsubsection.5.6.1.4}{\376\377\0005\000.\0006\000.\0001\000.\0004\000\040\000g\000e\000t\000C\000o\000m\000p\000a\000n\000y\000\050\000\051}{subsection.5.6.1}% 107
\BOOKMARK [3][-]{subsubsection.5.6.1.5}{\376\377\0005\000.\0006\000.\0001\000.\0005\000\040\000g\000e\000t\000E\000x\000p\000\137\000d\000a\000t\000e\000\050\000\051}{subsection.5.6.1}% 108
\BOOKMARK [3][-]{subsubsection.5.6.1.6}{\376\377\0005\000.\0006\000.\0001\000.\0006\000\040\000g\000e\000t\000I\000d\000\050\000\051}{subsection.5.6.1}% 109
\BOOKMARK [3][-]{subsubsection.5.6.1.7}{\376\377\0005\000.\0006\000.\0001\000.\0007\000\040\000g\000e\000t\000M\000e\000d\000i\000c\000i\000n\000e\000\050\000\051}{subsection.5.6.1}% 110
\BOOKMARK [3][-]{subsubsection.5.6.1.8}{\376\377\0005\000.\0006\000.\0001\000.\0008\000\040\000g\000e\000t\000M\000g\000f\000\137\000d\000a\000t\000e\000\050\000\051}{subsection.5.6.1}% 111
\BOOKMARK [3][-]{subsubsection.5.6.1.9}{\376\377\0005\000.\0006\000.\0001\000.\0009\000\040\000g\000e\000t\000N\000a\000m\000e\000\050\000\051}{subsection.5.6.1}% 112
\BOOKMARK [3][-]{subsubsection.5.6.1.10}{\376\377\0005\000.\0006\000.\0001\000.\0001\0000\000\040\000g\000e\000t\000n\000a\000m\000e\000\137\000s\000\050\000\051}{subsection.5.6.1}% 113
\BOOKMARK [3][-]{subsubsection.5.6.1.11}{\376\377\0005\000.\0006\000.\0001\000.\0001\0001\000\040\000g\000e\000t\000Q\000u\000a\000n\000t\000i\000t\000y\000\050\000\051}{subsection.5.6.1}% 114
\BOOKMARK [3][-]{subsubsection.5.6.1.12}{\376\377\0005\000.\0006\000.\0001\000.\0001\0002\000\040\000g\000e\000t\000R\000a\000c\000k\000\050\000\051}{subsection.5.6.1}% 115
\BOOKMARK [3][-]{subsubsection.5.6.1.13}{\376\377\0005\000.\0006\000.\0001\000.\0001\0003\000\040\000g\000e\000t\000S\000a\000l\000e\000c\000o\000s\000t\000\050\000\051}{subsection.5.6.1}% 116
\BOOKMARK [3][-]{subsubsection.5.6.1.14}{\376\377\0005\000.\0006\000.\0001\000.\0001\0004\000\040\000g\000e\000t\000U\000n\000i\000t\000c\000o\000s\000t\000\050\000\051}{subsection.5.6.1}% 117
\BOOKMARK [3][-]{subsubsection.5.6.1.15}{\376\377\0005\000.\0006\000.\0001\000.\0001\0005\000\040\000M\000e\000d\000i\000c\000i\000n\000e\000T\000o\000B\000y\000t\000e\000A\000r\000r\000a\000y\000B\000l\000o\000c\000k\000\050\000\051}{subsection.5.6.1}% 118
\BOOKMARK [3][-]{subsubsection.5.6.1.16}{\376\377\0005\000.\0006\000.\0001\000.\0001\0006\000\040\000s\000e\000t\000C\000a\000b\000n\000i\000t\000\050\000\051}{subsection.5.6.1}% 119
\BOOKMARK [3][-]{subsubsection.5.6.1.17}{\376\377\0005\000.\0006\000.\0001\000.\0001\0007\000\040\000s\000e\000t\000C\000o\000m\000p\000a\000n\000y\000\050\000\051}{subsection.5.6.1}% 120
\BOOKMARK [3][-]{subsubsection.5.6.1.18}{\376\377\0005\000.\0006\000.\0001\000.\0001\0008\000\040\000s\000e\000t\000E\000x\000p\000\137\000d\000a\000t\000e\000\050\000\051}{subsection.5.6.1}% 121
\BOOKMARK [3][-]{subsubsection.5.6.1.19}{\376\377\0005\000.\0006\000.\0001\000.\0001\0009\000\040\000s\000e\000t\000I\000d\000\050\000\051}{subsection.5.6.1}% 122
\BOOKMARK [3][-]{subsubsection.5.6.1.20}{\376\377\0005\000.\0006\000.\0001\000.\0002\0000\000\040\000s\000e\000t\000M\000e\000d\000i\000c\000i\000n\000e\000\050\000\051}{subsection.5.6.1}% 123
\BOOKMARK [3][-]{subsubsection.5.6.1.21}{\376\377\0005\000.\0006\000.\0001\000.\0002\0001\000\040\000s\000e\000t\000M\000g\000f\000\137\000d\000a\000t\000e\000\050\000\051}{subsection.5.6.1}% 124
\BOOKMARK [3][-]{subsubsection.5.6.1.22}{\376\377\0005\000.\0006\000.\0001\000.\0002\0002\000\040\000s\000e\000t\000N\000a\000m\000e\000\050\000\051}{subsection.5.6.1}% 125
\BOOKMARK [3][-]{subsubsection.5.6.1.23}{\376\377\0005\000.\0006\000.\0001\000.\0002\0003\000\040\000s\000e\000t\000n\000a\000m\000e\000\137\000s\000\050\000\051}{subsection.5.6.1}% 126
\BOOKMARK [3][-]{subsubsection.5.6.1.24}{\376\377\0005\000.\0006\000.\0001\000.\0002\0004\000\040\000s\000e\000t\000Q\000u\000a\000n\000t\000i\000t\000y\000\050\000\051}{subsection.5.6.1}% 127
\BOOKMARK [3][-]{subsubsection.5.6.1.25}{\376\377\0005\000.\0006\000.\0001\000.\0002\0005\000\040\000s\000e\000t\000R\000a\000c\000k\000\050\000\051}{subsection.5.6.1}% 128
\BOOKMARK [3][-]{subsubsection.5.6.1.26}{\376\377\0005\000.\0006\000.\0001\000.\0002\0006\000\040\000s\000e\000t\000S\000a\000l\000e\000c\000o\000s\000t\000\050\000\051}{subsection.5.6.1}% 129
\BOOKMARK [3][-]{subsubsection.5.6.1.27}{\376\377\0005\000.\0006\000.\0001\000.\0002\0007\000\040\000s\000e\000t\000U\000n\000i\000t\000c\000o\000s\000t\000\050\000\051}{subsection.5.6.1}% 130
\BOOKMARK [2][-]{subsection.5.6.2}{\376\377\0005\000.\0006\000.\0002\000\040\000M\000e\000m\000b\000e\000r\000\040\000D\000a\000t\000a\000\040\000D\000o\000c\000u\000m\000e\000n\000t\000a\000t\000i\000o\000n}{section.5.6}% 131
\BOOKMARK [3][-]{subsubsection.5.6.2.1}{\376\377\0005\000.\0006\000.\0002\000.\0001\000\040\000\137\000c\000a\000b\000n\000i\000t}{subsection.5.6.2}% 132
\BOOKMARK [3][-]{subsubsection.5.6.2.2}{\376\377\0005\000.\0006\000.\0002\000.\0002\000\040\000\137\000c\000o\000m\000p\000a\000n\000y}{subsection.5.6.2}% 133
\BOOKMARK [3][-]{subsubsection.5.6.2.3}{\376\377\0005\000.\0006\000.\0002\000.\0003\000\040\000\137\000e\000x\000p\000\137\000d\000a\000t\000e}{subsection.5.6.2}% 134
\BOOKMARK [3][-]{subsubsection.5.6.2.4}{\376\377\0005\000.\0006\000.\0002\000.\0004\000\040\000\137\000i\000d}{subsection.5.6.2}% 135
\BOOKMARK [3][-]{subsubsection.5.6.2.5}{\376\377\0005\000.\0006\000.\0002\000.\0005\000\040\000\137\000M\000e\000d\000i\000c\000i\000n\000e}{subsection.5.6.2}% 136
\BOOKMARK [3][-]{subsubsection.5.6.2.6}{\376\377\0005\000.\0006\000.\0002\000.\0006\000\040\000\137\000m\000g\000f\000\137\000d\000a\000t\000e}{subsection.5.6.2}% 137
\BOOKMARK [3][-]{subsubsection.5.6.2.7}{\376\377\0005\000.\0006\000.\0002\000.\0007\000\040\000\137\000n\000a\000m\000e}{subsection.5.6.2}% 138
\BOOKMARK [3][-]{subsubsection.5.6.2.8}{\376\377\0005\000.\0006\000.\0002\000.\0008\000\040\000\137\000n\000a\000m\000e\000\137\000s}{subsection.5.6.2}% 139
\BOOKMARK [3][-]{subsubsection.5.6.2.9}{\376\377\0005\000.\0006\000.\0002\000.\0009\000\040\000\137\000q\000u\000a\000n\000t\000i\000t\000y}{subsection.5.6.2}% 140
\BOOKMARK [3][-]{subsubsection.5.6.2.10}{\376\377\0005\000.\0006\000.\0002\000.\0001\0000\000\040\000\137\000r\000a\000c\000k}{subsection.5.6.2}% 141
\BOOKMARK [3][-]{subsubsection.5.6.2.11}{\376\377\0005\000.\0006\000.\0002\000.\0001\0001\000\040\000\137\000s\000a\000l\000e\000c\000o\000s\000t}{subsection.5.6.2}% 142
\BOOKMARK [3][-]{subsubsection.5.6.2.12}{\376\377\0005\000.\0006\000.\0002\000.\0001\0002\000\040\000\137\000u\000n\000i\000t\000c\000o\000s\000t}{subsection.5.6.2}% 143
\BOOKMARK [3][-]{subsubsection.5.6.2.13}{\376\377\0005\000.\0006\000.\0002\000.\0001\0003\000\040\000c\000a\000b\000n\000i\000t\000\137\000M\000A\000X\000\137\000L\000E\000N\000G\000T\000H}{subsection.5.6.2}% 144
\BOOKMARK [3][-]{subsubsection.5.6.2.14}{\376\377\0005\000.\0006\000.\0002\000.\0001\0004\000\040\000c\000o\000m\000p\000a\000n\000y\000\137\000N\000A\000M\000E\000\137\000M\000A\000X\000\137\000L\000E\000N\000G\000T\000H}{subsection.5.6.2}% 145
\BOOKMARK [3][-]{subsubsection.5.6.2.15}{\376\377\0005\000.\0006\000.\0002\000.\0001\0005\000\040\000e\000x\000p\000\137\000d\000a\000t\000e\000\137\000L\000E\000N\000G\000T\000H}{subsection.5.6.2}% 146
\BOOKMARK [3][-]{subsubsection.5.6.2.16}{\376\377\0005\000.\0006\000.\0002\000.\0001\0006\000\040\000I\000D\000\137\000L\000E\000N\000G\000T\000H}{subsection.5.6.2}% 147
\BOOKMARK [3][-]{subsubsection.5.6.2.17}{\376\377\0005\000.\0006\000.\0002\000.\0001\0007\000\040\000M\000e\000d\000i\000c\000i\000n\000e\000\137\000D\000A\000T\000A\000\137\000B\000L\000O\000C\000K\000\137\000S\000I\000Z\000E}{subsection.5.6.2}% 148
\BOOKMARK [3][-]{subsubsection.5.6.2.18}{\376\377\0005\000.\0006\000.\0002\000.\0001\0008\000\040\000M\000e\000d\000i\000c\000i\000n\000e\000\137\000N\000A\000M\000E\000\137\000M\000A\000X\000\137\000L\000E\000N\000G\000T\000H}{subsection.5.6.2}% 149
\BOOKMARK [3][-]{subsubsection.5.6.2.19}{\376\377\0005\000.\0006\000.\0002\000.\0001\0009\000\040\000m\000g\000f\000\137\000d\000a\000t\000e\000\137\000L\000E\000N\000G\000T\000H}{subsection.5.6.2}% 150
\BOOKMARK [3][-]{subsubsection.5.6.2.20}{\376\377\0005\000.\0006\000.\0002\000.\0002\0000\000\040\000n\000a\000m\000e\000\137\000s\000\137\000M\000A\000X\000\137\000L\000E\000N\000G\000T\000H}{subsection.5.6.2}% 151
\BOOKMARK [3][-]{subsubsection.5.6.2.21}{\376\377\0005\000.\0006\000.\0002\000.\0002\0001\000\040\000q\000u\000a\000n\000t\000i\000t\000y\000\137\000M\000A\000X\000\137\000L\000E\000N\000G\000T\000H}{subsection.5.6.2}% 152
\BOOKMARK [3][-]{subsubsection.5.6.2.22}{\376\377\0005\000.\0006\000.\0002\000.\0002\0002\000\040\000r\000a\000c\000k\000\137\000M\000A\000X\000\137\000L\000E\000N\000G\000T\000H}{subsection.5.6.2}% 153
\BOOKMARK [3][-]{subsubsection.5.6.2.23}{\376\377\0005\000.\0006\000.\0002\000.\0002\0003\000\040\000s\000a\000l\000e\000c\000o\000s\000t\000\137\000M\000A\000X\000\137\000L\000E\000N\000G\000T\000H}{subsection.5.6.2}% 154
\BOOKMARK [3][-]{subsubsection.5.6.2.24}{\376\377\0005\000.\0006\000.\0002\000.\0002\0004\000\040\000S\000a\000l\000e\000M\000e\000d\000i\000c\000i\000n\000e\000\137\000D\000A\000T\000A\000\137\000B\000L\000O\000C\000K\000\137\000S\000I\000Z\000E}{subsection.5.6.2}% 155
\BOOKMARK [3][-]{subsubsection.5.6.2.25}{\376\377\0005\000.\0006\000.\0002\000.\0002\0005\000\040\000u\000n\000i\000t\000c\000o\000s\000t\000\137\000M\000A\000X\000\137\000L\000E\000N\000G\000T\000H}{subsection.5.6.2}% 156
\BOOKMARK [1][-]{section.5.7}{\376\377\0005\000.\0007\000\040\000c\000e\0001\0000\0003\000\137\000h\000w\0004\000\137\000l\000i\000b\000r\000a\000r\000y\000\137\000l\000i\000b\000.\000S\000a\000l\000e\000M\000e\000d\000i\000c\000i\000n\000e\000F\000e\000a\000t\000u\000r\000e\000\040\000C\000l\000a\000s\000s\000\040\000R\000e\000f\000e\000r\000e\000n\000c\000e}{chapter.5}% 157
\BOOKMARK [2][-]{subsection.5.7.1}{\376\377\0005\000.\0007\000.\0001\000\040\000M\000e\000m\000b\000e\000r\000\040\000F\000u\000n\000c\000t\000i\000o\000n\000\040\000D\000o\000c\000u\000m\000e\000n\000t\000a\000t\000i\000o\000n}{section.5.7}% 158
\BOOKMARK [3][-]{subsubsection.5.7.1.1}{\376\377\0005\000.\0007\000.\0001\000.\0001\000\040\000B\000o\000o\000k\000T\000o\000B\000y\000t\000e\000A\000r\000r\000a\000y\000B\000l\000o\000c\000k\000\050\000\051}{subsection.5.7.1}% 159
\BOOKMARK [3][-]{subsubsection.5.7.1.2}{\376\377\0005\000.\0007\000.\0001\000.\0002\000\040\000B\000y\000t\000e\000A\000r\000r\000a\000y\000B\000l\000o\000c\000k\000T\000o\000B\000o\000o\000k\000\050\000\051}{subsection.5.7.1}% 160
\BOOKMARK [3][-]{subsubsection.5.7.1.3}{\376\377\0005\000.\0007\000.\0001\000.\0003\000\040\000g\000e\000t\000C\000u\000s\000t\000o\000m\000e\000r\000I\000d\000\050\000\051}{subsection.5.7.1}% 161
\BOOKMARK [3][-]{subsubsection.5.7.1.4}{\376\377\0005\000.\0007\000.\0001\000.\0004\000\040\000g\000e\000t\000M\000e\000d\000i\000c\000i\000n\000e\000I\000d\000\050\000\051}{subsection.5.7.1}% 162
\BOOKMARK [3][-]{subsubsection.5.7.1.5}{\376\377\0005\000.\0007\000.\0001\000.\0005\000\040\000g\000e\000t\000M\000e\000d\000i\000c\000i\000n\000e\000Q\000u\000a\000n\000t\000i\000t\000y\000\050\000\051}{subsection.5.7.1}% 163
\BOOKMARK [3][-]{subsubsection.5.7.1.6}{\376\377\0005\000.\0007\000.\0001\000.\0006\000\040\000g\000e\000t\000S\000a\000l\000e\000D\000a\000t\000e\000\050\000\051}{subsection.5.7.1}% 164
\BOOKMARK [3][-]{subsubsection.5.7.1.7}{\376\377\0005\000.\0007\000.\0001\000.\0007\000\040\000s\000e\000t\000C\000u\000s\000t\000o\000m\000e\000r\000I\000d\000\050\000\051}{subsection.5.7.1}% 165
\BOOKMARK [3][-]{subsubsection.5.7.1.8}{\376\377\0005\000.\0007\000.\0001\000.\0008\000\040\000s\000e\000t\000M\000e\000d\000i\000c\000i\000n\000e\000I\000d\000\050\000\051}{subsection.5.7.1}% 166
\BOOKMARK [3][-]{subsubsection.5.7.1.9}{\376\377\0005\000.\0007\000.\0001\000.\0009\000\040\000s\000e\000t\000M\000e\000d\000i\000c\000i\000n\000e\000Q\000u\000a\000n\000t\000i\000t\000y\000\050\000\051}{subsection.5.7.1}% 167
\BOOKMARK [3][-]{subsubsection.5.7.1.10}{\376\377\0005\000.\0007\000.\0001\000.\0001\0000\000\040\000s\000e\000t\000S\000a\000l\000e\000D\000a\000t\000e\000\050\000\051}{subsection.5.7.1}% 168
\BOOKMARK [2][-]{subsection.5.7.2}{\376\377\0005\000.\0007\000.\0002\000\040\000M\000e\000m\000b\000e\000r\000\040\000D\000a\000t\000a\000\040\000D\000o\000c\000u\000m\000e\000n\000t\000a\000t\000i\000o\000n}{section.5.7}% 169
\BOOKMARK [3][-]{subsubsection.5.7.2.1}{\376\377\0005\000.\0007\000.\0002\000.\0001\000\040\000\137\000c\000u\000s\000t\000o\000m\000e\000r\000I\000d}{subsection.5.7.2}% 170
\BOOKMARK [3][-]{subsubsection.5.7.2.2}{\376\377\0005\000.\0007\000.\0002\000.\0002\000\040\000\137\000m\000e\000d\000i\000c\000i\000n\000e\000I\000d}{subsection.5.7.2}% 171
\BOOKMARK [3][-]{subsubsection.5.7.2.3}{\376\377\0005\000.\0007\000.\0002\000.\0003\000\040\000\137\000m\000e\000d\000i\000c\000i\000n\000e\000Q\000u\000a\000n\000t\000i\000t\000y}{subsection.5.7.2}% 172
\BOOKMARK [3][-]{subsubsection.5.7.2.4}{\376\377\0005\000.\0007\000.\0002\000.\0004\000\040\000\137\000s\000a\000l\000e\000D\000a\000t\000e}{subsection.5.7.2}% 173
\BOOKMARK [3][-]{subsubsection.5.7.2.5}{\376\377\0005\000.\0007\000.\0002\000.\0005\000\040\000C\000U\000S\000T\000O\000M\000E\000R\000\137\000I\000D\000\137\000M\000A\000X\000\137\000L\000E\000N\000G\000T\000H}{subsection.5.7.2}% 174
\BOOKMARK [3][-]{subsubsection.5.7.2.6}{\376\377\0005\000.\0007\000.\0002\000.\0006\000\040\000M\000E\000D\000I\000C\000I\000N\000E\000\137\000I\000D\000\137\000L\000E\000N\000G\000T\000H}{subsection.5.7.2}% 175
\BOOKMARK [3][-]{subsubsection.5.7.2.7}{\376\377\0005\000.\0007\000.\0002\000.\0007\000\040\000S\000A\000L\000E\000\137\000D\000A\000T\000A\000\137\000B\000L\000O\000C\000K\000\137\000S\000I\000Z\000E}{subsection.5.7.2}% 176
\BOOKMARK [1][-]{section.5.8}{\376\377\0005\000.\0008\000\040\000c\000e\0001\0000\0003\000\137\000h\000w\0004\000\137\000l\000i\000b\000r\000a\000r\000y\000\137\000l\000i\000b\000.\000S\000u\000p\000p\000l\000i\000e\000r\000F\000e\000a\000t\000u\000r\000e\000\040\000C\000l\000a\000s\000s\000\040\000R\000e\000f\000e\000r\000e\000n\000c\000e}{chapter.5}% 177
\BOOKMARK [2][-]{subsection.5.8.1}{\376\377\0005\000.\0008\000.\0001\000\040\000M\000e\000m\000b\000e\000r\000\040\000F\000u\000n\000c\000t\000i\000o\000n\000\040\000D\000o\000c\000u\000m\000e\000n\000t\000a\000t\000i\000o\000n}{section.5.8}% 178
\BOOKMARK [3][-]{subsubsection.5.8.1.1}{\376\377\0005\000.\0008\000.\0001\000.\0001\000\040\000B\000y\000t\000e\000A\000r\000r\000a\000y\000B\000l\000o\000c\000k\000T\000o\000S\000u\000p\000p\000l\000i\000e\000r\000\050\000\051}{subsection.5.8.1}% 179
\BOOKMARK [3][-]{subsubsection.5.8.1.2}{\376\377\0005\000.\0008\000.\0001\000.\0002\000\040\000B\000y\000t\000e\000A\000r\000r\000a\000y\000B\000l\000o\000c\000k\000T\000o\000S\000u\000p\000p\000l\000i\000e\000r\000C\000o\000u\000n\000t\000e\000r\000\050\000\051}{subsection.5.8.1}% 180
\BOOKMARK [3][-]{subsubsection.5.8.1.3}{\376\377\0005\000.\0008\000.\0001\000.\0003\000\040\000g\000e\000t\000c\000i\000t\000y\000\050\000\051}{subsection.5.8.1}% 181
\BOOKMARK [3][-]{subsubsection.5.8.1.4}{\376\377\0005\000.\0008\000.\0001\000.\0004\000\040\000g\000e\000t\000c\000o\000n\000t\000a\000c\000t\000\137\000n\000o\000\050\000\051}{subsection.5.8.1}% 182
\BOOKMARK [3][-]{subsubsection.5.8.1.5}{\376\377\0005\000.\0008\000.\0001\000.\0005\000\040\000g\000e\000t\000e\000m\000a\000i\000l\000\050\000\051}{subsection.5.8.1}% 183
\BOOKMARK [3][-]{subsubsection.5.8.1.6}{\376\377\0005\000.\0008\000.\0001\000.\0006\000\040\000g\000e\000t\000I\000d\000\050\000\051}{subsection.5.8.1}% 184
\BOOKMARK [3][-]{subsubsection.5.8.1.7}{\376\377\0005\000.\0008\000.\0001\000.\0007\000\040\000g\000e\000t\000n\000a\000m\000e\000\137\000s\000\050\000\051}{subsection.5.8.1}% 185
\BOOKMARK [3][-]{subsubsection.5.8.1.8}{\376\377\0005\000.\0008\000.\0001\000.\0008\000\040\000s\000e\000t\000c\000i\000t\000y\000\050\000\051}{subsection.5.8.1}% 186
\BOOKMARK [3][-]{subsubsection.5.8.1.9}{\376\377\0005\000.\0008\000.\0001\000.\0009\000\040\000s\000e\000t\000c\000o\000n\000t\000a\000c\000t\000\137\000n\000o\000\050\000\051}{subsection.5.8.1}% 187
\BOOKMARK [3][-]{subsubsection.5.8.1.10}{\376\377\0005\000.\0008\000.\0001\000.\0001\0000\000\040\000s\000e\000t\000e\000m\000a\000i\000l\000\050\000\051}{subsection.5.8.1}% 188
\BOOKMARK [3][-]{subsubsection.5.8.1.11}{\376\377\0005\000.\0008\000.\0001\000.\0001\0001\000\040\000s\000e\000t\000I\000d\000\050\000\051}{subsection.5.8.1}% 189
\BOOKMARK [3][-]{subsubsection.5.8.1.12}{\376\377\0005\000.\0008\000.\0001\000.\0001\0002\000\040\000s\000e\000t\000n\000a\000m\000e\000\137\000s\000\050\000\051}{subsection.5.8.1}% 190
\BOOKMARK [3][-]{subsubsection.5.8.1.13}{\376\377\0005\000.\0008\000.\0001\000.\0001\0003\000\040\000S\000u\000p\000p\000l\000i\000e\000r\000T\000o\000B\000y\000t\000e\000A\000r\000r\000a\000y\000B\000l\000o\000c\000k\000\050\000\051}{subsection.5.8.1}% 191
\BOOKMARK [2][-]{subsection.5.8.2}{\376\377\0005\000.\0008\000.\0002\000\040\000M\000e\000m\000b\000e\000r\000\040\000D\000a\000t\000a\000\040\000D\000o\000c\000u\000m\000e\000n\000t\000a\000t\000i\000o\000n}{section.5.8}% 192
\BOOKMARK [3][-]{subsubsection.5.8.2.1}{\376\377\0005\000.\0008\000.\0002\000.\0001\000\040\000\137\000c\000i\000t\000y}{subsection.5.8.2}% 193
\BOOKMARK [3][-]{subsubsection.5.8.2.2}{\376\377\0005\000.\0008\000.\0002\000.\0002\000\040\000\137\000c\000o\000n\000t\000a\000c\000t\000\137\000n\000o}{subsection.5.8.2}% 194
\BOOKMARK [3][-]{subsubsection.5.8.2.3}{\376\377\0005\000.\0008\000.\0002\000.\0003\000\040\000\137\000e\000m\000a\000i\000l}{subsection.5.8.2}% 195
\BOOKMARK [3][-]{subsubsection.5.8.2.4}{\376\377\0005\000.\0008\000.\0002\000.\0004\000\040\000\137\000i\000d}{subsection.5.8.2}% 196
\BOOKMARK [3][-]{subsubsection.5.8.2.5}{\376\377\0005\000.\0008\000.\0002\000.\0005\000\040\000\137\000n\000a\000m\000e\000\137\000s}{subsection.5.8.2}% 197
\BOOKMARK [3][-]{subsubsection.5.8.2.6}{\376\377\0005\000.\0008\000.\0002\000.\0006\000\040\000B\000o\000r\000r\000o\000w\000\137\000D\000a\000t\000a\000\137\000B\000l\000o\000c\000k\000\137\000S\000i\000z\000e}{subsection.5.8.2}% 198
\BOOKMARK [3][-]{subsubsection.5.8.2.7}{\376\377\0005\000.\0008\000.\0002\000.\0007\000\040\000c\000i\000t\000y\000\137\000M\000A\000X\000\137\000L\000E\000N\000G\000T\000H}{subsection.5.8.2}% 199
\BOOKMARK [3][-]{subsubsection.5.8.2.8}{\376\377\0005\000.\0008\000.\0002\000.\0008\000\040\000c\000o\000n\000t\000a\000c\000t\000\137\000n\000o\000\137\000N\000A\000M\000E\000\137\000M\000A\000X\000\137\000L\000E\000N\000G\000T\000H}{subsection.5.8.2}% 200
\BOOKMARK [3][-]{subsubsection.5.8.2.9}{\376\377\0005\000.\0008\000.\0002\000.\0009\000\040\000D\000a\000t\000e\000\137\000L\000e\000n\000g\000h\000t}{subsection.5.8.2}% 201
\BOOKMARK [3][-]{subsubsection.5.8.2.10}{\376\377\0005\000.\0008\000.\0002\000.\0001\0000\000\040\000e\000m\000a\000i\000l\000\137\000N\000A\000M\000E\000\137\000M\000A\000X\000\137\000L\000E\000N\000G\000T\000H}{subsection.5.8.2}% 202
\BOOKMARK [3][-]{subsubsection.5.8.2.11}{\376\377\0005\000.\0008\000.\0002\000.\0001\0001\000\040\000I\000D\000\137\000L\000E\000N\000G\000T\000H}{subsection.5.8.2}% 203
\BOOKMARK [3][-]{subsubsection.5.8.2.12}{\376\377\0005\000.\0008\000.\0002\000.\0001\0002\000\040\000N\000a\000m\000e\000\137\000L\000e\000n\000g\000h\000t}{subsection.5.8.2}% 204
\BOOKMARK [3][-]{subsubsection.5.8.2.13}{\376\377\0005\000.\0008\000.\0002\000.\0001\0003\000\040\000n\000a\000m\000e\000\137\000s\000\137\000M\000A\000X\000\137\000L\000E\000N\000G\000T\000H}{subsection.5.8.2}% 205
\BOOKMARK [3][-]{subsubsection.5.8.2.14}{\376\377\0005\000.\0008\000.\0002\000.\0001\0004\000\040\000R\000e\000t\000u\000r\000n\000\137\000D\000a\000t\000e\000\137\000L\000e\000n\000g\000h\000t}{subsection.5.8.2}% 206
\BOOKMARK [3][-]{subsubsection.5.8.2.15}{\376\377\0005\000.\0008\000.\0002\000.\0001\0005\000\040\000S\000u\000p\000p\000l\000i\000e\000r\000\137\000D\000A\000T\000A\000\137\000B\000L\000O\000C\000K\000\137\000S\000I\000Z\000E}{subsection.5.8.2}% 207
\BOOKMARK [1][-]{section.5.9}{\376\377\0005\000.\0009\000\040\000c\000e\0001\0000\0003\000\137\000h\000w\0004\000\137\000l\000i\000b\000r\000a\000r\000y\000\137\000c\000m\000d\000.\000U\000n\000i\000t\000T\000e\000s\000t\000\040\000C\000l\000a\000s\000s\000\040\000R\000e\000f\000e\000r\000e\000n\000c\000e}{chapter.5}% 208
\BOOKMARK [2][-]{subsection.5.9.1}{\376\377\0005\000.\0009\000.\0001\000\040\000M\000e\000m\000b\000e\000r\000\040\000F\000u\000n\000c\000t\000i\000o\000n\000\040\000D\000o\000c\000u\000m\000e\000n\000t\000a\000t\000i\000o\000n}{section.5.9}% 209
\BOOKMARK [3][-]{subsubsection.5.9.1.1}{\376\377\0005\000.\0009\000.\0001\000.\0001\000\040\000t\000e\000s\000t\000G\000e\000t\000I\000n\000t\000\050\000\051}{subsection.5.9.1}% 210
\BOOKMARK [3][-]{subsubsection.5.9.1.2}{\376\377\0005\000.\0009\000.\0001\000.\0002\000\040\000t\000e\000s\000t\000S\000e\000t\000A\000n\000d\000G\000e\000t\000I\000d\000\050\000\051}{subsection.5.9.1}% 211
\BOOKMARK [3][-]{subsubsection.5.9.1.3}{\376\377\0005\000.\0009\000.\0001\000.\0003\000\040\000t\000e\000s\000t\000S\000e\000t\000A\000n\000d\000G\000e\000t\000N\000a\000m\000e\000\050\000\051}{subsection.5.9.1}% 212
\BOOKMARK [3][-]{subsubsection.5.9.1.4}{\376\377\0005\000.\0009\000.\0001\000.\0004\000\040\000t\000e\000s\000t\000S\000u\000p\000p\000l\000i\000e\000r\000C\000r\000e\000a\000t\000i\000o\000n\000\050\000\051}{subsection.5.9.1}% 213
\BOOKMARK [3][-]{subsubsection.5.9.1.5}{\376\377\0005\000.\0009\000.\0001\000.\0005\000\040\000t\000e\000s\000t\000S\000u\000p\000p\000l\000i\000e\000r\000C\000r\000e\000a\000t\000i\000o\000n\000A\000n\000d\000F\000i\000l\000e\000W\000r\000i\000t\000i\000n\000g\000\050\000\051}{subsection.5.9.1}% 214
\BOOKMARK [1][-]{section.5.10}{\376\377\0005\000.\0001\0000\000\040\000c\000e\0001\0000\0003\000\137\000h\000w\0004\000\137\000l\000i\000b\000r\000a\000r\000y\000\137\000l\000i\000b\000.\000U\000n\000i\000t\000T\000e\000s\000t\000\040\000C\000l\000a\000s\000s\000\040\000R\000e\000f\000e\000r\000e\000n\000c\000e}{chapter.5}% 215
\BOOKMARK [2][-]{subsection.5.10.1}{\376\377\0005\000.\0001\0000\000.\0001\000\040\000M\000e\000m\000b\000e\000r\000\040\000F\000u\000n\000c\000t\000i\000o\000n\000\040\000D\000o\000c\000u\000m\000e\000n\000t\000a\000t\000i\000o\000n}{section.5.10}% 216
\BOOKMARK [3][-]{subsubsection.5.10.1.1}{\376\377\0005\000.\0001\0000\000.\0001\000.\0001\000\040\000t\000e\000s\000t\000A\000d\000d\000S\000a\000l\000e\000M\000e\000d\000i\000c\000i\000n\000e\0002\000\050\000\051}{subsection.5.10.1}% 217
\BOOKMARK [3][-]{subsubsection.5.10.1.2}{\376\377\0005\000.\0001\0000\000.\0001\000.\0002\000\040\000t\000e\000s\000t\000C\000o\000n\000t\000r\000o\000l\000F\000i\000l\000e\000\050\000\051}{subsection.5.10.1}% 218
\BOOKMARK [3][-]{subsubsection.5.10.1.3}{\376\377\0005\000.\0001\0000\000.\0001\000.\0003\000\040\000t\000e\000s\000t\000C\000u\000s\000t\000o\000m\000e\000r\000A\000d\000d\000i\000t\000i\000o\000n\000\050\000\051}{subsection.5.10.1}% 219
\BOOKMARK [3][-]{subsubsection.5.10.1.4}{\376\377\0005\000.\0001\0000\000.\0001\000.\0004\000\040\000t\000e\000s\000t\000C\000u\000s\000t\000o\000m\000e\000r\000U\000p\000d\000a\000t\000e\000\050\000\051}{subsection.5.10.1}% 220
\BOOKMARK [3][-]{subsubsection.5.10.1.5}{\376\377\0005\000.\0001\0000\000.\0001\000.\0005\000\040\000t\000e\000s\000t\000M\000e\000d\000i\000c\000i\000n\000e\000T\000o\000B\000y\000t\000e\000A\000r\000r\000a\000y\000B\000l\000o\000c\000k\000\050\000\051}{subsection.5.10.1}% 221
\BOOKMARK [3][-]{subsubsection.5.10.1.6}{\376\377\0005\000.\0001\0000\000.\0001\000.\0006\000\040\000t\000e\000s\000t\000P\000r\000i\000n\000t\000C\000u\000s\000t\000o\000m\000e\000r\000s\000\050\000\051}{subsection.5.10.1}% 222
\BOOKMARK [0][-]{chapter.6}{\376\377\0006\000\040\000F\000i\000l\000e\000\040\000D\000o\000c\000u\000m\000e\000n\000t\000a\000t\000i\000o\000n}{}% 223
\BOOKMARK [1][-]{section.6.1}{\376\377\0006\000.\0001\000\040\000C\000:\000/\000U\000s\000e\000r\000s\000/\000G\000o\000k\000a\000y\000/\000D\000e\000s\000k\000t\000o\000p\000/\000n\000e\000w\000w\000w\000/\000c\000e\0001\0000\0003\000-\000h\000w\0004\000-\000g\000o\000k\000a\000y\000-\000d\000e\000r\000v\000i\000s\000o\000g\000l\000u\000/\000m\000e\000d\000i\000c\000a\000l\000\137\000s\000t\000o\000r\000e\000/\000c\000e\0001\0000\0003\000\137\000h\000w\0004\000\137\000m\000e\000d\000i\000c\000a\000l\000\137\000s\000t\000o\000r\000e\000\137\000a\000p\000p\000/\000A\000p\000p\000.\000j\000a\000v\000a\000\040\000F\000i\000l\000e\000\040\000R\000e\000f\000e\000r\000e\000n\000c\000e}{chapter.6}% 224
\BOOKMARK [1][-]{section.6.2}{\376\377\0006\000.\0002\000\040\000C\000:\000/\000U\000s\000e\000r\000s\000/\000G\000o\000k\000a\000y\000/\000D\000e\000s\000k\000t\000o\000p\000/\000n\000e\000w\000w\000w\000/\000c\000e\0001\0000\0003\000-\000h\000w\0004\000-\000g\000o\000k\000a\000y\000-\000d\000e\000r\000v\000i\000s\000o\000g\000l\000u\000/\000m\000e\000d\000i\000c\000a\000l\000\137\000s\000t\000o\000r\000e\000/\000c\000e\0001\0000\0003\000\137\000h\000w\0004\000\137\000m\000e\000d\000i\000c\000a\000l\000\137\000s\000t\000o\000r\000e\000\137\000c\000m\000d\000/\000U\000n\000i\000t\000T\000e\000s\000t\000.\000j\000a\000v\000a\000\040\000F\000i\000l\000e\000\040\000R\000e\000f\000e\000r\000e\000n\000c\000e}{chapter.6}% 225
\BOOKMARK [1][-]{section.6.3}{\376\377\0006\000.\0003\000\040\000C\000:\000/\000U\000s\000e\000r\000s\000/\000G\000o\000k\000a\000y\000/\000D\000e\000s\000k\000t\000o\000p\000/\000n\000e\000w\000w\000w\000/\000c\000e\0001\0000\0003\000-\000h\000w\0004\000-\000g\000o\000k\000a\000y\000-\000d\000e\000r\000v\000i\000s\000o\000g\000l\000u\000/\000m\000e\000d\000i\000c\000a\000l\000\137\000s\000t\000o\000r\000e\000/\000c\000e\0001\0000\0003\000\137\000h\000w\0004\000\137\000m\000e\000d\000i\000c\000a\000l\000\137\000s\000t\000o\000r\000e\000\137\000l\000i\000b\000/\000U\000n\000i\000t\000T\000e\000s\000t\000.\000j\000a\000v\000a\000\040\000F\000i\000l\000e\000\040\000R\000e\000f\000e\000r\000e\000n\000c\000e}{chapter.6}% 226
\BOOKMARK [1][-]{section.6.4}{\376\377\0006\000.\0004\000\040\000C\000:\000/\000U\000s\000e\000r\000s\000/\000G\000o\000k\000a\000y\000/\000D\000e\000s\000k\000t\000o\000p\000/\000n\000e\000w\000w\000w\000/\000c\000e\0001\0000\0003\000-\000h\000w\0004\000-\000g\000o\000k\000a\000y\000-\000d\000e\000r\000v\000i\000s\000o\000g\000l\000u\000/\000m\000e\000d\000i\000c\000a\000l\000\137\000s\000t\000o\000r\000e\000/\000c\000e\0001\0000\0003\000\137\000h\000w\0004\000\137\000m\000e\000d\000i\000c\000a\000l\000\137\000s\000t\000o\000r\000e\000\137\000l\000i\000b\000/\000C\000u\000s\000t\000o\000m\000e\000r\000F\000e\000a\000t\000u\000r\000e\000.\000j\000a\000v\000a\000\040\000F\000i\000l\000e\000\040\000R\000e\000f\000e\000r\000e\000n\000c\000e}{chapter.6}% 227
\BOOKMARK [1][-]{section.6.5}{\376\377\0006\000.\0005\000\040\000C\000:\000/\000U\000s\000e\000r\000s\000/\000G\000o\000k\000a\000y\000/\000D\000e\000s\000k\000t\000o\000p\000/\000n\000e\000w\000w\000w\000/\000c\000e\0001\0000\0003\000-\000h\000w\0004\000-\000g\000o\000k\000a\000y\000-\000d\000e\000r\000v\000i\000s\000o\000g\000l\000u\000/\000m\000e\000d\000i\000c\000a\000l\000\137\000s\000t\000o\000r\000e\000/\000c\000e\0001\0000\0003\000\137\000h\000w\0004\000\137\000m\000e\000d\000i\000c\000a\000l\000\137\000s\000t\000o\000r\000e\000\137\000l\000i\000b\000/\000D\000a\000t\000a\000O\000p\000e\000r\000a\000t\000i\000o\000n\000s\000.\000j\000a\000v\000a\000\040\000F\000i\000l\000e\000\040\000R\000e\000f\000e\000r\000e\000n\000c\000e}{chapter.6}% 228
\BOOKMARK [1][-]{section.6.6}{\376\377\0006\000.\0006\000\040\000C\000:\000/\000U\000s\000e\000r\000s\000/\000G\000o\000k\000a\000y\000/\000D\000e\000s\000k\000t\000o\000p\000/\000n\000e\000w\000w\000w\000/\000c\000e\0001\0000\0003\000-\000h\000w\0004\000-\000g\000o\000k\000a\000y\000-\000d\000e\000r\000v\000i\000s\000o\000g\000l\000u\000/\000m\000e\000d\000i\000c\000a\000l\000\137\000s\000t\000o\000r\000e\000/\000c\000e\0001\0000\0003\000\137\000h\000w\0004\000\137\000m\000e\000d\000i\000c\000a\000l\000\137\000s\000t\000o\000r\000e\000\137\000l\000i\000b\000/\000F\000i\000l\000e\000O\000p\000e\000r\000a\000t\000i\000o\000n\000s\000.\000j\000a\000v\000a\000\040\000F\000i\000l\000e\000\040\000R\000e\000f\000e\000r\000e\000n\000c\000e}{chapter.6}% 229
\BOOKMARK [1][-]{section.6.7}{\376\377\0006\000.\0007\000\040\000C\000:\000/\000U\000s\000e\000r\000s\000/\000G\000o\000k\000a\000y\000/\000D\000e\000s\000k\000t\000o\000p\000/\000n\000e\000w\000w\000w\000/\000c\000e\0001\0000\0003\000-\000h\000w\0004\000-\000g\000o\000k\000a\000y\000-\000d\000e\000r\000v\000i\000s\000o\000g\000l\000u\000/\000m\000e\000d\000i\000c\000a\000l\000\137\000s\000t\000o\000r\000e\000/\000c\000e\0001\0000\0003\000\137\000h\000w\0004\000\137\000m\000e\000d\000i\000c\000a\000l\000\137\000s\000t\000o\000r\000e\000\137\000l\000i\000b\000/\000M\000a\000i\000n\000F\000u\000n\000c\000t\000i\000o\000n\000s\000.\000j\000a\000v\000a\000\040\000F\000i\000l\000e\000\040\000R\000e\000f\000e\000r\000e\000n\000c\000e}{chapter.6}% 230
\BOOKMARK [1][-]{section.6.8}{\376\377\0006\000.\0008\000\040\000C\000:\000/\000U\000s\000e\000r\000s\000/\000G\000o\000k\000a\000y\000/\000D\000e\000s\000k\000t\000o\000p\000/\000n\000e\000w\000w\000w\000/\000c\000e\0001\0000\0003\000-\000h\000w\0004\000-\000g\000o\000k\000a\000y\000-\000d\000e\000r\000v\000i\000s\000o\000g\000l\000u\000/\000m\000e\000d\000i\000c\000a\000l\000\137\000s\000t\000o\000r\000e\000/\000c\000e\0001\0000\0003\000\137\000h\000w\0004\000\137\000m\000e\000d\000i\000c\000a\000l\000\137\000s\000t\000o\000r\000e\000\137\000l\000i\000b\000/\000M\000e\000d\000i\000c\000i\000n\000e\000F\000e\000a\000t\000u\000r\000e\000.\000j\000a\000v\000a\000\040\000F\000i\000l\000e\000\040\000R\000e\000f\000e\000r\000e\000n\000c\000e}{chapter.6}% 231
\BOOKMARK [1][-]{section.6.9}{\376\377\0006\000.\0009\000\040\000C\000:\000/\000U\000s\000e\000r\000s\000/\000G\000o\000k\000a\000y\000/\000D\000e\000s\000k\000t\000o\000p\000/\000n\000e\000w\000w\000w\000/\000c\000e\0001\0000\0003\000-\000h\000w\0004\000-\000g\000o\000k\000a\000y\000-\000d\000e\000r\000v\000i\000s\000o\000g\000l\000u\000/\000m\000e\000d\000i\000c\000a\000l\000\137\000s\000t\000o\000r\000e\000/\000c\000e\0001\0000\0003\000\137\000h\000w\0004\000\137\000m\000e\000d\000i\000c\000a\000l\000\137\000s\000t\000o\000r\000e\000\137\000l\000i\000b\000/\000S\000a\000l\000e\000M\000e\000d\000i\000c\000i\000n\000e\000F\000e\000a\000t\000u\000r\000e\000.\000j\000a\000v\000a\000\040\000F\000i\000l\000e\000\040\000R\000e\000f\000e\000r\000e\000n\000c\000e}{chapter.6}% 232
\BOOKMARK [1][-]{section.6.10}{\376\377\0006\000.\0001\0000\000\040\000C\000:\000/\000U\000s\000e\000r\000s\000/\000G\000o\000k\000a\000y\000/\000D\000e\000s\000k\000t\000o\000p\000/\000n\000e\000w\000w\000w\000/\000c\000e\0001\0000\0003\000-\000h\000w\0004\000-\000g\000o\000k\000a\000y\000-\000d\000e\000r\000v\000i\000s\000o\000g\000l\000u\000/\000m\000e\000d\000i\000c\000a\000l\000\137\000s\000t\000o\000r\000e\000/\000c\000e\0001\0000\0003\000\137\000h\000w\0004\000\137\000m\000e\000d\000i\000c\000a\000l\000\137\000s\000t\000o\000r\000e\000\137\000l\000i\000b\000/\000S\000u\000p\000p\000l\000i\000e\000r\000F\000e\000a\000t\000u\000r\000e\000.\000j\000a\000v\000a\000\040\000F\000i\000l\000e\000\040\000R\000e\000f\000e\000r\000e\000n\000c\000e}{chapter.6}% 233
\BOOKMARK [0][-]{section*.147}{\376\377\000I\000n\000d\000e\000x}{}% 234
